Log of 'out' stream of WorkerTask 'uni0'
---

Using 'mps' as training device
Preparing model run ...
  Loading config file:
    /Users/thomasgaskin/utopya_output/SIR/220906-140153/data/uni0/config.yml
Model name:  SIR
  Creating global RNG ...
  Creating output file at:
    /Users/thomasgaskin/utopya_output/SIR/220906-140153/data/uni0/data.h5

Generating synthetic training data ...

   Initialising the ABM ...

   Generating synthetic data ...
   Completed run 0 of 100 ...
   Completed run 1 of 100 ...
   Completed run 2 of 100 ...
   Completed run 3 of 100 ...
   Completed run 4 of 100 ...
   Completed run 5 of 100 ...
   Completed run 6 of 100 ...
   Completed run 7 of 100 ...
   Completed run 8 of 100 ...
   Completed run 9 of 100 ...
   Completed run 10 of 100 ...
   Completed run 11 of 100 ...
   Completed run 12 of 100 ...
   Completed run 13 of 100 ...
   Completed run 14 of 100 ...
   Completed run 15 of 100 ...
   Completed run 16 of 100 ...
   Completed run 17 of 100 ...
   Completed run 18 of 100 ...
   Completed run 19 of 100 ...
   Completed run 20 of 100 ...
   Completed run 21 of 100 ...
   Completed run 22 of 100 ...
   Completed run 23 of 100 ...
   Completed run 24 of 100 ...
   Completed run 25 of 100 ...
   Completed run 26 of 100 ...
   Completed run 27 of 100 ...
   Completed run 28 of 100 ...
   Completed run 29 of 100 ...
   Completed run 30 of 100 ...
   Completed run 31 of 100 ...
   Completed run 32 of 100 ...
   Completed run 33 of 100 ...
   Completed run 34 of 100 ...
   Completed run 35 of 100 ...
   Completed run 36 of 100 ...
   Completed run 37 of 100 ...
   Completed run 38 of 100 ...
   Completed run 39 of 100 ...
   Completed run 40 of 100 ...
   Completed run 41 of 100 ...
   Completed run 42 of 100 ...
   Completed run 43 of 100 ...
   Completed run 44 of 100 ...
   Completed run 45 of 100 ...
   Completed run 46 of 100 ...
   Completed run 47 of 100 ...
   Completed run 48 of 100 ...
   Completed run 49 of 100 ...
   Completed run 50 of 100 ...
   Completed run 51 of 100 ...
   Completed run 52 of 100 ...
   Completed run 53 of 100 ...
   Completed run 54 of 100 ...
   Completed run 55 of 100 ...
   Completed run 56 of 100 ...
   Completed run 57 of 100 ...
   Completed run 58 of 100 ...
   Completed run 59 of 100 ...
   Completed run 60 of 100 ...
   Completed run 61 of 100 ...
   Completed run 62 of 100 ...
   Completed run 63 of 100 ...
   Completed run 64 of 100 ...
   Completed run 65 of 100 ...
   Completed run 66 of 100 ...
   Completed run 67 of 100 ...
   Completed run 68 of 100 ...
   Completed run 69 of 100 ...
   Completed run 70 of 100 ...
   Completed run 71 of 100 ...
   Completed run 72 of 100 ...
   Completed run 73 of 100 ...
   Completed run 74 of 100 ...
   Completed run 75 of 100 ...
   Completed run 76 of 100 ...
   Completed run 77 of 100 ...
   Completed run 78 of 100 ...
   Completed run 79 of 100 ...
   Completed run 80 of 100 ...
   Completed run 81 of 100 ...
   Completed run 82 of 100 ...
   Completed run 83 of 100 ...
   Completed run 84 of 100 ...
   Completed run 85 of 100 ...
   Completed run 86 of 100 ...
   Completed run 87 of 100 ...
   Completed run 88 of 100 ...
   Completed run 89 of 100 ...
   Completed run 90 of 100 ...
   Completed run 91 of 100 ...
   Completed run 92 of 100 ...
   Completed run 93 of 100 ...
   Completed run 94 of 100 ...
   Completed run 95 of 100 ...
   Completed run 96 of 100 ...
   Completed run 97 of 100 ...
   Completed run 98 of 100 ...
   Completed run 99 of 100 ...

Initializing the neural net ...
Initialized model 'SIR'.

Now commencing training for 50 epochs ...
  Completed epoch 1 / 50; current loss: 0.0
  Completed epoch 2 / 50; current loss: 0.0
  Completed epoch 3 / 50; current loss: 0.0
  Completed epoch 4 / 50; current loss: 0.0
  Completed epoch 5 / 50; current loss: 0.0
  Completed epoch 6 / 50; current loss: 0.0
  Completed epoch 7 / 50; current loss: 0.0
  Completed epoch 8 / 50; current loss: 0.0
  Completed epoch 9 / 50; current loss: 0.0
  Completed epoch 10 / 50; current loss: 0.0
  Completed epoch 11 / 50; current loss: 0.0
  Completed epoch 12 / 50; current loss: 0.0
  Completed epoch 13 / 50; current loss: 0.0
  Completed epoch 14 / 50; current loss: 0.0
  Completed epoch 15 / 50; current loss: 0.0
  Completed epoch 16 / 50; current loss: 0.0
  Completed epoch 17 / 50; current loss: 0.0
  Completed epoch 18 / 50; current loss: 0.0
  Completed epoch 19 / 50; current loss: 0.0
  Completed epoch 20 / 50; current loss: 0.0
  Completed epoch 21 / 50; current loss: 0.0
  Completed epoch 22 / 50; current loss: 0.0
  Completed epoch 23 / 50; current loss: 0.0
  Completed epoch 24 / 50; current loss: 0.0
  Completed epoch 25 / 50; current loss: 0.0
  Completed epoch 26 / 50; current loss: 0.0
  Completed epoch 27 / 50; current loss: 0.0
  Completed epoch 28 / 50; current loss: 0.0
  Completed epoch 29 / 50; current loss: 0.0
  Completed epoch 30 / 50; current loss: 0.0
  Completed epoch 31 / 50; current loss: 0.0
  Completed epoch 32 / 50; current loss: 0.0
  Completed epoch 33 / 50; current loss: 0.0
  Completed epoch 34 / 50; current loss: 0.0
  Completed epoch 35 / 50; current loss: 0.0
  Completed epoch 36 / 50; current loss: 0.0
  Completed epoch 37 / 50; current loss: 0.0
  Completed epoch 38 / 50; current loss: 0.0
  Completed epoch 39 / 50; current loss: 0.0
  Completed epoch 40 / 50; current loss: 0.0
  Completed epoch 41 / 50; current loss: 0.0
  Completed epoch 42 / 50; current loss: 0.0
  Completed epoch 43 / 50; current loss: 0.0
  Completed epoch 44 / 50; current loss: 0.0
  Completed epoch 45 / 50; current loss: 0.0
  Completed epoch 46 / 50; current loss: 0.0
  Completed epoch 47 / 50; current loss: 0.0
  Completed epoch 48 / 50; current loss: 0.0
  Completed epoch 49 / 50; current loss: 0.0
  Completed epoch 50 / 50; current loss: 0.0

Generating predicted dataset ...

Simulation run finished.
  Wrapping up ...
  All done.

---
end of log. exit code: 0

